0 info it worked if it ends with ok
1 verbose cli [ '/usr/bin/nodejs',
1 verbose cli   '/usr/bin/npm',
1 verbose cli   'install',
1 verbose cli   'ngAnimate',
1 verbose cli   '--save' ]
2 info using npm@1.3.10
3 info using node@v0.10.25
4 warn package.json portfolio@0.0.0 No description
5 warn package.json portfolio@0.0.0 No repository field.
6 warn package.json portfolio@0.0.0 No README data
7 verbose readDependencies using package.json deps
8 verbose cache add [ 'ngAnimate', null ]
9 verbose cache add name=undefined spec="ngAnimate" args=["ngAnimate",null]
10 verbose parsed url { protocol: null,
10 verbose parsed url   slashes: null,
10 verbose parsed url   auth: null,
10 verbose parsed url   host: null,
10 verbose parsed url   port: null,
10 verbose parsed url   hostname: null,
10 verbose parsed url   hash: null,
10 verbose parsed url   search: null,
10 verbose parsed url   query: null,
10 verbose parsed url   pathname: 'ngAnimate',
10 verbose parsed url   path: 'ngAnimate',
10 verbose parsed url   href: 'ngAnimate' }
11 silly lockFile 1759ddfb-ngAnimate ngAnimate
12 verbose lock ngAnimate /home/sumit/.npm/1759ddfb-ngAnimate.lock
13 silly lockFile 1759ddfb-ngAnimate ngAnimate
14 silly lockFile 1759ddfb-ngAnimate ngAnimate
15 verbose addNamed [ 'ngAnimate', '' ]
16 verbose addNamed [ null, '*' ]
17 silly lockFile 1d5e21ce-ngAnimate ngAnimate@
18 verbose lock ngAnimate@ /home/sumit/.npm/1d5e21ce-ngAnimate.lock
19 silly addNameRange { name: 'ngAnimate', range: '*', hasData: false }
20 verbose url raw ngAnimate
21 verbose url resolving [ 'https://registry.npmjs.org/', './ngAnimate' ]
22 verbose url resolved https://registry.npmjs.org/ngAnimate
23 info trying registry request attempt 1 at 00:03:06
24 http GET https://registry.npmjs.org/ngAnimate
25 http 404 https://registry.npmjs.org/ngAnimate
26 silly registry.get cb [ 404,
26 silly registry.get   { 'content-type': 'application/json',
26 silly registry.get     'cache-control': 'max-age=0',
26 silly registry.get     'content-length': '2',
26 silly registry.get     'accept-ranges': 'bytes',
26 silly registry.get     date: 'Wed, 21 Oct 2015 18:18:08 GMT',
26 silly registry.get     via: '1.1 varnish',
26 silly registry.get     age: '0',
26 silly registry.get     connection: 'keep-alive',
26 silly registry.get     'x-served-by': 'cache-sin6926-SIN',
26 silly registry.get     'x-cache': 'MISS',
26 silly registry.get     'x-cache-hits': '0',
26 silly registry.get     'x-timer': 'S1445451488.082690,VS0,VE856' } ]
27 silly addNameRange number 2 { name: 'ngAnimate', range: '*', hasData: true }
28 silly addNameRange versions [ undefined, [] ]
29 error TypeError: Cannot read property 'latest' of undefined
29 error     at next (/usr/share/npm/lib/cache.js:687:35)
29 error     at /usr/share/npm/lib/cache.js:675:5
29 error     at saved (/usr/share/npm/node_modules/npm-registry-client/lib/get.js:142:7)
29 error     at /usr/lib/nodejs/graceful-fs/polyfills.js:133:7
29 error     at Object.oncomplete (fs.js:107:15)
30 error If you need help, you may report this log at:
30 error     <http://github.com/isaacs/npm/issues>
30 error or email it to:
30 error     <npm-@googlegroups.com>
31 error System Linux 3.16.0-51-generic
32 error command "/usr/bin/nodejs" "/usr/bin/npm" "install" "ngAnimate" "--save"
33 error cwd /home/sumit/projects/portfolio
34 error node -v v0.10.25
35 error npm -v 1.3.10
36 error type non_object_property_load
37 verbose exit [ 1, true ]
